<?xml version="1.0" encoding="UTF-8"?>
<!-- Generated by org.testng.reporters.JUnitXMLReporter -->
<testsuite hostname="DESKTOP-E0FIDGQ" ignored="0" name="Test" tests="4" failures="0" timestamp="24 Jan 2019 17:17:56 GMT" time="0.197" errors="0">
  <testcase name="@BeforeMethod setUp" time="0.0" classname="practiceTestNG.ParallelTesting">
    <failure type="org.testng.TestNGException" message="
Parameter &amp;apos;browser&amp;apos; is required by BeforeMethod on method setUp but has not been marked @Optional or defined
in E:\Work\mavenProjectFive\testng_3.xml">
      <![CDATA[org.testng.TestNGException: 
Parameter 'browser' is required by BeforeMethod on method setUp but has not been marked @Optional or defined
in E:\Work\mavenProjectFive\testng_3.xml
at java.util.concurrent.ThreadPoolExecutor.runWorker(Unknown Source)
at java.util.concurrent.ThreadPoolExecutor$Worker.run(Unknown Source)
at java.lang.Thread.run(Unknown Source)
... Removed 10 stack frames]]>
    </failure>
  </testcase> <!-- @BeforeMethod setUp -->
  <testcase name="@BeforeMethod setUp" time="0.0" classname="practiceTestNG.ParallelTesting">
    <failure type="org.testng.TestNGException" message="
Parameter &amp;apos;browser&amp;apos; is required by BeforeMethod on method setUp but has not been marked @Optional or defined
in E:\Work\mavenProjectFive\testng_3.xml">
      <![CDATA[org.testng.TestNGException: 
Parameter 'browser' is required by BeforeMethod on method setUp but has not been marked @Optional or defined
in E:\Work\mavenProjectFive\testng_3.xml
at java.util.concurrent.ThreadPoolExecutor.runWorker(Unknown Source)
at java.util.concurrent.ThreadPoolExecutor$Worker.run(Unknown Source)
at java.lang.Thread.run(Unknown Source)
... Removed 10 stack frames]]>
    </failure>
  </testcase> <!-- @BeforeMethod setUp -->
  <testcase name="@AfterMethod tearDown" time="0.0" classname="practiceTestNG.ParallelTesting">
    <skipped/>
  </testcase> <!-- @AfterMethod tearDown -->
  <testcase name="@AfterMethod tearDown" time="0.0" classname="practiceTestNG.ParallelTesting">
    <skipped/>
  </testcase> <!-- @AfterMethod tearDown -->
  <testcase name="@BeforeMethod setUp" time="0.0" classname="practiceTestNG.ParallelTesting">
    <skipped/>
  </testcase> <!-- @BeforeMethod setUp -->
  <testcase name="@BeforeMethod setUp" time="0.0" classname="practiceTestNG.ParallelTesting">
    <skipped/>
  </testcase> <!-- @BeforeMethod setUp -->
  <testcase name="@AfterMethod tearDown" time="0.0" classname="practiceTestNG.ParallelTesting">
    <skipped/>
  </testcase> <!-- @AfterMethod tearDown -->
  <testcase name="@AfterMethod tearDown" time="0.0" classname="practiceTestNG.ParallelTesting">
    <skipped/>
  </testcase> <!-- @AfterMethod tearDown -->
  <testcase name="@AfterTest afterTest" time="0.0" classname="practiceTestNG.ParallelTesting">
    <skipped/>
  </testcase> <!-- @AfterTest afterTest -->
  <testcase name="MailLinkTest" time="0.0" classname="practiceTestNG.ParallelTesting">
    <skipped/>
  </testcase> <!-- MailLinkTest -->
  <testcase name="ImageLinkTest" time="0.0" classname="practiceTestNG.ParallelTesting">
    <skipped/>
  </testcase> <!-- ImageLinkTest -->
  <testcase name="googleTitleTest" time="0.0" classname="practiceTestNG.ParallelTesting">
    <skipped/>
  </testcase> <!-- googleTitleTest -->
  <testcase name="googleLogoTest" time="0.0" classname="practiceTestNG.ParallelTesting">
    <skipped/>
  </testcase> <!-- googleLogoTest -->
</testsuite> <!-- Test -->
